<?xml version="1.0" encoding="UTF-8"?>
<testng-results skipped="0" failed="0" total="1" passed="1">
  <reporter-output>
  </reporter-output>
  <suite name="Default suite" duration-ms="50651" started-at="2020-08-11T08:57:28Z" finished-at="2020-08-11T08:58:18Z">
    <groups>
      <group name="cucumber">
        <method signature="AbstractTestNGCucumberTests.feature(cucumber.api.testng.CucumberFeatureWrapper)[pri:0, instance:com.training.testrunner.TestRunner@3ee0fea4]" name="feature" class="cucumber.api.testng.AbstractTestNGCucumberTests"/>
      </group> <!-- cucumber -->
    </groups>
    <test name="Default test" duration-ms="50651" started-at="2020-08-11T08:57:28Z" finished-at="2020-08-11T08:58:18Z">
      <class name="com.training.testrunner.TestRunner">
        <test-method status="PASS" signature="setUpClass()[pri:0, instance:com.training.testrunner.TestRunner@3ee0fea4]" name="setUpClass" is-config="true" duration-ms="176" started-at="2020-08-11T14:27:28Z" finished-at="2020-08-11T14:27:28Z">
          <reporter-output>
          </reporter-output>
        </test-method> <!-- setUpClass -->
        <test-method status="PASS" signature="feature(cucumber.api.testng.CucumberFeatureWrapper)[pri:0, instance:com.training.testrunner.TestRunner@3ee0fea4]" name="feature" duration-ms="50408" started-at="2020-08-11T14:27:28Z" description="Runs Cucumber Feature" data-provider="features" finished-at="2020-08-11T14:28:18Z">
          <params>
            <param index="0">
              <value>
                <![CDATA[to validate upskills application]]>
              </value>
            </param>
          </params>
          <reporter-output>
          </reporter-output>
        </test-method> <!-- feature -->
        <test-method status="PASS" signature="tearDownClass()[pri:0, instance:com.training.testrunner.TestRunner@3ee0fea4]" name="tearDownClass" is-config="true" duration-ms="9" started-at="2020-08-11T14:28:18Z" finished-at="2020-08-11T14:28:18Z">
          <reporter-output>
          </reporter-output>
        </test-method> <!-- tearDownClass -->
      </class> <!-- com.training.testrunner.TestRunner -->
    </test> <!-- Default test -->
  </suite> <!-- Default suite -->
</testng-results>
